find: paths must precede expression: 12:26:33
Usage: find [-H] [-L] [-P] [-Olevel] [-D help|tree|search|stat|rates|opt|exec] [path...] [expression]
srun: Job step aborted: Waiting up to 32 seconds for job step to finish.
srun: Job step aborted: Waiting up to 32 seconds for job step to finish.
srun: Job step aborted: Waiting up to 32 seconds for job step to finish.
srun: Job step aborted: Waiting up to 32 seconds for job step to finish.
srun: Job step aborted: Waiting up to 32 seconds for job step to finish.
srun: Job step aborted: Waiting up to 32 seconds for job step to finish.
srun: Job step aborted: Waiting up to 32 seconds for job step to finish.
srun: Job step aborted: Waiting up to 32 seconds for job step to finish.
srun: Job step aborted: Waiting up to 32 seconds for job step to finish.
srun: Job step aborted: Waiting up to 32 seconds for job step to finish.
srun: Job step aborted: Waiting up to 32 seconds for job step to finish.
srun: Job step aborted: Waiting up to 32 seconds for job step to finish.
slurmstepd: error: *** STEP 66051.9 ON cn05 CANCELLED AT 2024-02-26T13:30:19 ***
slurmstepd: error: *** STEP 66051.12 ON cn05 CANCELLED AT 2024-02-26T13:30:19 ***
slurmstepd: error: *** STEP 66051.11 ON cn05 CANCELLED AT 2024-02-26T13:30:19 ***
slurmstepd: error: *** STEP 66051.10 ON cn05 CANCELLED AT 2024-02-26T13:30:19 ***
slurmstepd: error: *** STEP 66051.8 ON cn05 CANCELLED AT 2024-02-26T13:30:19 ***
slurmstepd: error: *** STEP 66051.13 ON cn05 CANCELLED AT 2024-02-26T13:30:19 ***
slurmstepd: error: *** JOB 66051 ON cn05 CANCELLED AT 2024-02-26T13:30:19 ***
srun: Job step aborted: Waiting up to 32 seconds for job step to finish.
srun: Job step aborted: Waiting up to 32 seconds for job step to finish.
